<?xml version="1.0" encoding="utf-8"?><testsuite errors="0" failures="0" name="pytest" skips="0" tests="7" time="14.877"><testcase classname="test_submit" file="test_submit.py" line="3" name="test_q1" time="0.01000833511352539"><system-out>5.681722541339695e-07
</system-out></testcase><testcase classname="test_submit" file="test_submit.py" line="8" name="test_q2" time="0.009999990463256836"></testcase><testcase classname="test_submit" file="test_submit.py" line="13" name="test_q3" time="0.017995357513427734"></testcase><testcase classname="test_submit" file="test_submit.py" line="18" name="test_q4" time="0.015000581741333008"></testcase><testcase classname="test_submit" file="test_submit.py" line="23" name="test_q5" time="0.027995586395263672"></testcase><testcase classname="test_submit" file="test_submit.py" line="28" name="test_q6" time="0.029000282287597656"></testcase><testcase classname="test_submit" file="test_submit.py" line="33" name="test_q7" time="0.12898921966552734"></testcase></testsuite>