<?xml version="1.0" encoding="utf-8"?><testsuite errors="0" failures="1" name="pytest" skips="0" tests="10" time="9.110"><testcase classname="test_submit" file="test_submit.py" line="3" name="test_q1" time="0.0040090084075927734"></testcase><testcase classname="test_submit" file="test_submit.py" line="9" name="test_q2" time="0.4129750728607178"><failure message="assert 545 == 49348">E   assert 545 == 49348</failure></testcase><testcase classname="test_submit" file="test_submit.py" line="15" name="test_q3" time="0.029998064041137695"></testcase><testcase classname="test_submit" file="test_submit.py" line="21" name="test_q4" time="0.003998517990112305"></testcase><testcase classname="test_submit" file="test_submit.py" line="27" name="test_q5" time="1.0149414539337158"></testcase><testcase classname="test_submit" file="test_submit.py" line="33" name="test_q6" time="0.008001089096069336"></testcase><testcase classname="test_submit" file="test_submit.py" line="39" name="test_q7" time="0.05399656295776367"></testcase><testcase classname="test_submit" file="test_submit.py" line="45" name="test_q8" time="0.11399102210998535"></testcase><testcase classname="test_submit" file="test_submit.py" line="51" name="test_q9" time="0.6479601860046387"></testcase><testcase classname="test_submit" file="test_submit.py" line="57" name="test_q10" time="1.3719103336334229"></testcase></testsuite>