<?xml version="1.0" encoding="utf-8"?><testsuites><testsuite errors="0" failures="0" hostname="DESKTOP-E5HUABV" name="pytest" skipped="0" tests="7" time="24.243" timestamp="2020-05-22T17:13:52.310375"><testcase classname="test_submit" file="test_submit.py" line="3" name="test_q1" time="0.722"></testcase><testcase classname="test_submit" file="test_submit.py" line="11" name="test_q2" time="1.290"></testcase><testcase classname="test_submit" file="test_submit.py" line="16" name="test_q3" time="0.270"></testcase><testcase classname="test_submit" file="test_submit.py" line="21" name="test_q4" time="0.004"></testcase><testcase classname="test_submit" file="test_submit.py" line="26" name="test_q5" time="0.004"></testcase><testcase classname="test_submit" file="test_submit.py" line="34" name="test_q6" time="0.005"></testcase><testcase classname="test_submit" file="test_submit.py" line="39" name="test_q7" time="0.004"></testcase></testsuite></testsuites>